1517379077682	geckodriver	INFO	Listening on 127.0.0.1:57482
1517379080770	geckodriver::marionette	INFO	Starting browser C:\Program Files (x86)\Mozilla Firefox\firefox.exe with args ["-marionette"]
1517379081333	Marionette	INFO	Enabled via --marionette
Unable to read VR Path Registry from C:\Users\Administrator\AppData\Local\openvr\openvrpaths.vrpath
[Parent 8172, Gecko_IOThread] WARNING: pipe error: 109: file z:/build/build/src/ipc/chromium/src/chrome/common/ipc_channel_win.cc, line 346
Unable to read VR Path Registry from C:\Users\Administrator\AppData\Local\openvr\openvrpaths.vrpath
[Child 8196, Chrome_ChildThread] WARNING: pipe error: 109: file z:/build/build/src/ipc/chromium/src/chrome/common/ipc_channel_win.cc, line 346
[Child 8196, Chrome_ChildThread] WARNING: pipe error: 109: file z:/build/build/src/ipc/chromium/src/chrome/common/ipc_channel_win.cc, line 346
1517379082669	Marionette	INFO	Listening on port 57494
1517379082911	Marionette	WARN	TLS certificate errors will be ignored for this session
1517379082967	Marionette	DEBUG	Register listener.js for window 4294967297
1517379082993	Marionette	DEBUG	Received DOM event "beforeunload" for "about:blank"
1517379083294	Marionette	DEBUG	Received DOM event "pagehide" for "about:blank"
1517379083294	Marionette	DEBUG	Received DOM event "unload" for "about:blank"
1517379084086	Marionette	DEBUG	Received DOM event "DOMContentLoaded" for "https://www.jd.com/"
1517379086663	Marionette	DEBUG	Received DOM event "pageshow" for "https://www.jd.com/"
1517379121046	geckodriver	INFO	Listening on 127.0.0.1:57634
1517379124160	geckodriver::marionette	INFO	Starting browser C:\Program Files (x86)\Mozilla Firefox\firefox.exe with args ["-marionette"]
1517379124638	Marionette	INFO	Enabled via --marionette
Unable to read VR Path Registry from C:\Users\Administrator\AppData\Local\openvr\openvrpaths.vrpath
[Parent 9040, Gecko_IOThread] WARNING: pipe error: 109: file z:/build/build/src/ipc/chromium/src/chrome/common/ipc_channel_win.cc, line 346
Unable to read VR Path Registry from C:\Users\Administrator\AppData\Local\openvr\openvrpaths.vrpath
[Child 8492, Chrome_ChildThread] WARNING: pipe error: 109: file z:/build/build/src/ipc/chromium/src/chrome/common/ipc_channel_win.cc, line 346
[Child 8492, Chrome_ChildThread] WARNING: pipe error: 109: file z:/build/build/src/ipc/chromium/src/chrome/common/ipc_channel_win.cc, line 346
1517379125906	Marionette	INFO	Listening on port 57646
1517379126205	Marionette	WARN	TLS certificate errors will be ignored for this session
1517379126247	Marionette	DEBUG	Register listener.js for window 4294967297
1517379126270	Marionette	DEBUG	Received DOM event "beforeunload" for "about:blank"
1517379126600	Marionette	DEBUG	Received DOM event "pagehide" for "about:blank"
1517379126600	Marionette	DEBUG	Received DOM event "unload" for "about:blank"
1517379127781	Marionette	DEBUG	Received DOM event "DOMContentLoaded" for "https://www.jd.com/"
1517379129995	Marionette	DEBUG	Received DOM event "pageshow" for "https://www.jd.com/"
1517379246295	geckodriver	INFO	Listening on 127.0.0.1:57907
1517379249388	geckodriver::marionette	INFO	Starting browser C:\Program Files (x86)\Mozilla Firefox\firefox.exe with args ["-marionette"]
1517379249848	Marionette	INFO	Enabled via --marionette
Unable to read VR Path Registry from C:\Users\Administrator\AppData\Local\openvr\openvrpaths.vrpath
[Child 1348, Chrome_ChildThread] WARNING: pipe error: 109: file z:/build/build/src/ipc/chromium/src/chrome/common/ipc_channel_win.cc, line 346
1517379251134	Marionette	INFO	Listening on port 57918
1517379251427	Marionette	WARN	TLS certificate errors will be ignored for this session
1517379251468	Marionette	DEBUG	Register listener.js for window 4294967297
1517379251490	Marionette	DEBUG	Received DOM event "beforeunload" for "about:blank"
1517379252282	Marionette	DEBUG	Received DOM event "pagehide" for "about:blank"
1517379252282	Marionette	DEBUG	Received DOM event "unload" for "about:blank"
1517379252836	Marionette	DEBUG	Received DOM event "DOMContentLoaded" for "https://www.jd.com/"
1517379255130	Marionette	DEBUG	Received DOM event "pageshow" for "https://www.jd.com/"
1517379647760	geckodriver	INFO	Listening on 127.0.0.1:58616
1517379650848	geckodriver::marionette	INFO	Starting browser C:\Program Files (x86)\Mozilla Firefox\firefox.exe with args ["-marionette"]
1517379651303	Marionette	INFO	Enabled via --marionette
Unable to read VR Path Registry from C:\Users\Administrator\AppData\Local\openvr\openvrpaths.vrpath
[Child 10112, Chrome_ChildThread] WARNING: pipe error: 109: file z:/build/build/src/ipc/chromium/src/chrome/common/ipc_channel_win.cc, line 346
[Child 10112, Chrome_ChildThread] WARNING: pipe error: 109: file z:/build/build/src/ipc/chromium/src/chrome/common/ipc_channel_win.cc, line 346
1517379652426	Marionette	INFO	Listening on port 58627
1517379652453	Marionette	WARN	TLS certificate errors will be ignored for this session
1517379652498	Marionette	DEBUG	Register listener.js for window 4294967297
1517379652554	Marionette	DEBUG	Received DOM event "beforeunload" for "about:blank"
1517379654169	Marionette	DEBUG	Received DOM event "pagehide" for "about:blank"
1517379654169	Marionette	DEBUG	Received DOM event "unload" for "about:blank"
1517379654850	Marionette	DEBUG	Received DOM event "DOMContentLoaded" for "https://www.jd.com/"
1517379656184	Marionette	DEBUG	Received DOM event "pageshow" for "https://www.jd.com/"
Unable to read VR Path Registry from C:\Users\Administrator\AppData\Local\openvr\openvrpaths.vrpath
[Child 5488, Chrome_ChildThread] WARNING: pipe error: 109: file z:/build/build/src/ipc/chromium/src/chrome/common/ipc_channel_win.cc, line 346
[Child 5488, Chrome_ChildThread] WARNING: pipe error: 109: file z:/build/build/src/ipc/chromium/src/chrome/common/ipc_channel_win.cc, line 346
1517379757952	geckodriver	INFO	Listening on 127.0.0.1:58877
1517379761044	geckodriver::marionette	INFO	Starting browser C:\Program Files (x86)\Mozilla Firefox\firefox.exe with args ["-marionette"]
1517379761507	Marionette	INFO	Enabled via --marionette
Unable to read VR Path Registry from C:\Users\Administrator\AppData\Local\openvr\openvrpaths.vrpath
[Parent 8464, Gecko_IOThread] WARNING: pipe error: 109: file z:/build/build/src/ipc/chromium/src/chrome/common/ipc_channel_win.cc, line 346
1517379762674	Marionette	INFO	Listening on port 58891
1517379763154	Marionette	WARN	TLS certificate errors will be ignored for this session
1517379763223	Marionette	DEBUG	Register listener.js for window 4294967297
1517379763244	Marionette	DEBUG	Received DOM event "beforeunload" for "about:blank"
1517379763442	Marionette	DEBUG	Received DOM event "pagehide" for "about:blank"
1517379763443	Marionette	DEBUG	Received DOM event "unload" for "about:blank"
1517379764236	Marionette	DEBUG	Received DOM event "DOMContentLoaded" for "https://www.jd.com/"
1517379765676	Marionette	DEBUG	Received DOM event "pageshow" for "https://www.jd.com/"
[Parent 8464, Gecko_IOThread] WARNING: pipe error: 109: file z:/build/build/src/ipc/chromium/src/chrome/common/ipc_channel_win.cc, line 346
1517380485120	geckodriver	INFO	Listening on 127.0.0.1:60023
1517380488180	geckodriver::marionette	INFO	Starting browser C:\Program Files (x86)\Mozilla Firefox\firefox.exe with args ["-marionette"]
1517380488633	Marionette	INFO	Enabled via --marionette
Unable to read VR Path Registry from C:\Users\Administrator\AppData\Local\openvr\openvrpaths.vrpath
[Child 6424, Chrome_ChildThread] WARNING: pipe error: 109: file z:/build/build/src/ipc/chromium/src/chrome/common/ipc_channel_win.cc, line 346
[Child 6424, Chrome_ChildThread] WARNING: pipe error: 109: file z:/build/build/src/ipc/chromium/src/chrome/common/ipc_channel_win.cc, line 346
1517380489870	Marionette	INFO	Listening on port 60035
1517380490195	Marionette	WARN	TLS certificate errors will be ignored for this session
1517380490254	Marionette	DEBUG	Register listener.js for window 4294967297
1517380490276	Marionette	DEBUG	Received DOM event "beforeunload" for "about:blank"
1517380490589	Marionette	DEBUG	Received DOM event "pagehide" for "about:blank"
1517380490589	Marionette	DEBUG	Received DOM event "unload" for "about:blank"
1517380492958	Marionette	DEBUG	Received DOM event "DOMContentLoaded" for "https://www.jd.com/"
1517380494553	Marionette	DEBUG	Received DOM event "pageshow" for "https://www.jd.com/"
Unable to read VR Path Registry from C:\Users\Administrator\AppData\Local\openvr\openvrpaths.vrpath
[Parent 9664, Gecko_IOThread] WARNING: pipe error: 109: file z:/build/build/src/ipc/chromium/src/chrome/common/ipc_channel_win.cc, line 346
1517380547291	geckodriver	INFO	Listening on 127.0.0.1:60241
1517380550376	geckodriver::marionette	INFO	Starting browser C:\Program Files (x86)\Mozilla Firefox\firefox.exe with args ["-marionette"]
1517380550833	Marionette	INFO	Enabled via --marionette
Unable to read VR Path Registry from C:\Users\Administrator\AppData\Local\openvr\openvrpaths.vrpath
[Child 9936, Chrome_ChildThread] WARNING: pipe error: 109: file z:/build/build/src/ipc/chromium/src/chrome/common/ipc_channel_win.cc, line 346
1517380551904	Marionette	INFO	Listening on port 60253
1517380552389	Marionette	WARN	TLS certificate errors will be ignored for this session
1517380552436	Marionette	DEBUG	Register listener.js for window 4294967297
1517380552461	Marionette	DEBUG	Received DOM event "beforeunload" for "about:blank"
1517380552644	Marionette	DEBUG	Received DOM event "pagehide" for "about:blank"
1517380552644	Marionette	DEBUG	Received DOM event "unload" for "about:blank"
1517380553987	Marionette	DEBUG	Received DOM event "DOMContentLoaded" for "https://www.jd.com/"
1517380555221	Marionette	DEBUG	Received DOM event "pageshow" for "https://www.jd.com/"
Unable to read VR Path Registry from C:\Users\Administrator\AppData\Local\openvr\openvrpaths.vrpath
[Parent 9128, Gecko_IOThread] WARNING: pipe error: 109: file z:/build/build/src/ipc/chromium/src/chrome/common/ipc_channel_win.cc, line 346
1517380580121	geckodriver	INFO	Listening on 127.0.0.1:60414
1517380583197	geckodriver::marionette	INFO	Starting browser C:\Program Files (x86)\Mozilla Firefox\firefox.exe with args ["-marionette"]
1517380583633	Marionette	INFO	Enabled via --marionette
Unable to read VR Path Registry from C:\Users\Administrator\AppData\Local\openvr\openvrpaths.vrpath
[Child 8932, Chrome_ChildThread] WARNING: pipe error: 109: file z:/build/build/src/ipc/chromium/src/chrome/common/ipc_channel_win.cc, line 346
[Child 8932, Chrome_ChildThread] WARNING: pipe error: 109: file z:/build/build/src/ipc/chromium/src/chrome/common/ipc_channel_win.cc, line 346
1517380584787	Marionette	INFO	Listening on port 60429
1517380585267	Marionette	WARN	TLS certificate errors will be ignored for this session
1517380585311	Marionette	DEBUG	Register listener.js for window 4294967297
1517380585332	Marionette	DEBUG	Received DOM event "beforeunload" for "about:blank"
1517380585520	Marionette	DEBUG	Received DOM event "pagehide" for "about:blank"
1517380585520	Marionette	DEBUG	Received DOM event "unload" for "about:blank"
1517380586262	Marionette	DEBUG	Received DOM event "DOMContentLoaded" for "https://www.jd.com/"
1517380587247	Marionette	DEBUG	Received DOM event "pageshow" for "https://www.jd.com/"
1517381038718	geckodriver	INFO	Listening on 127.0.0.1:61196
1517381041805	geckodriver::marionette	INFO	Starting browser C:\Program Files (x86)\Mozilla Firefox\firefox.exe with args ["-marionette"]
1517381042249	Marionette	INFO	Enabled via --marionette
Unable to read VR Path Registry from C:\Users\Administrator\AppData\Local\openvr\openvrpaths.vrpath
[Child 7128, Chrome_ChildThread] WARNING: pipe error: 109: file z:/build/build/src/ipc/chromium/src/chrome/common/ipc_channel_win.cc, line 346
1517381043298	Marionette	INFO	Listening on port 61207
1517381043333	Marionette	WARN	TLS certificate errors will be ignored for this session
1517381043378	Marionette	DEBUG	Register listener.js for window 4294967297
1517381043414	Marionette	DEBUG	Received DOM event "beforeunload" for "about:blank"
1517381043689	Marionette	DEBUG	Received DOM event "pagehide" for "about:blank"
1517381043689	Marionette	DEBUG	Received DOM event "unload" for "about:blank"
1517381044751	Marionette	DEBUG	Received DOM event "DOMContentLoaded" for "https://www.jd.com/"
1517381046167	Marionette	DEBUG	Received DOM event "pageshow" for "https://www.jd.com/"
1517381091496	addons.productaddons	WARN	Failed downloading via XHR, status: 0, reason: error
1517381091498	addons.productaddons	WARN	Failed downloading via XHR, status: 0, reason: error
Unable to read VR Path Registry from C:\Users\Administrator\AppData\Local\openvr\openvrpaths.vrpath
[Child 10088, Chrome_ChildThread] WARNING: pipe error: 109: file z:/build/build/src/ipc/chromium/src/chrome/common/ipc_channel_win.cc, line 346
Unable to read VR Path Registry from C:\Users\Administrator\AppData\Local\openvr\openvrpaths.vrpath
[Child 9348, Chrome_ChildThread] WARNING: pipe error: 109: file z:/build/build/src/ipc/chromium/src/chrome/common/ipc_channel_win.cc, line 346
[Child 9348, Chrome_ChildThread] WARNING: pipe error: 109: file z:/build/build/src/ipc/chromium/src/chrome/common/ipc_channel_win.cc, line 346
*** UTM:SVC TimerManager:registerTimer called after profile-before-change notification. Ignoring timer registration for id: telemetry_modules_ping
Unable to read VR Path Registry from C:\Users\Administrator\AppData\Local\openvr\openvrpaths.vrpath
[GPU 8600, Chrome_ChildThread] WARNING: pipe error: 109: file z:/build/build/src/ipc/chromium/src/chrome/common/ipc_channel_win.cc, line 346

###!!! [Child][MessageChannel::SendAndWait] Error: Channel error: cannot send/recv

Unable to read VR Path Registry from C:\Users\Administrator\AppData\Local\openvr\openvrpaths.vrpath
1517381149442	geckodriver	INFO	Listening on 127.0.0.1:53491
1517381152485	geckodriver::marionette	INFO	Starting browser C:\Program Files (x86)\Mozilla Firefox\firefox.exe with args ["-marionette"]
1517381152944	Marionette	INFO	Enabled via --marionette
Unable to read VR Path Registry from C:\Users\Administrator\AppData\Local\openvr\openvrpaths.vrpath
[Child 8940, Chrome_ChildThread] WARNING: pipe error: 109: file z:/build/build/src/ipc/chromium/src/chrome/common/ipc_channel_win.cc, line 346
[Child 8940, Chrome_ChildThread] WARNING: pipe error: 109: file z:/build/build/src/ipc/chromium/src/chrome/common/ipc_channel_win.cc, line 346
1517381154012	Marionette	INFO	Listening on port 53503
1517381154031	Marionette	WARN	TLS certificate errors will be ignored for this session
1517381154075	Marionette	DEBUG	Register listener.js for window 4294967297
1517381154121	Marionette	DEBUG	Received DOM event "beforeunload" for "about:blank"
1517381155029	Marionette	DEBUG	Received DOM event "pagehide" for "about:blank"
1517381155029	Marionette	DEBUG	Received DOM event "unload" for "about:blank"
1517381156148	Marionette	DEBUG	Received DOM event "DOMContentLoaded" for "https://www.jd.com/"
1517381157874	Marionette	DEBUG	Received DOM event "pageshow" for "https://www.jd.com/"
1517382182594	geckodriver	INFO	Listening on 127.0.0.1:55115
1517382185679	geckodriver::marionette	INFO	Starting browser C:\Program Files (x86)\Mozilla Firefox\firefox.exe with args ["-marionette"]
1517382186130	Marionette	INFO	Enabled via --marionette
Unable to read VR Path Registry from C:\Users\Administrator\AppData\Local\openvr\openvrpaths.vrpath
[Parent 9044, Gecko_IOThread] WARNING: pipe error: 109: file z:/build/build/src/ipc/chromium/src/chrome/common/ipc_channel_win.cc, line 346
Unable to read VR Path Registry from C:\Users\Administrator\AppData\Local\openvr\openvrpaths.vrpath
[Child 9404, Chrome_ChildThread] WARNING: pipe error: 109: file z:/build/build/src/ipc/chromium/src/chrome/common/ipc_channel_win.cc, line 346
[Child 9404, Chrome_ChildThread] WARNING: pipe error: 109: file z:/build/build/src/ipc/chromium/src/chrome/common/ipc_channel_win.cc, line 346
1517382187202	Marionette	INFO	Listening on port 55127
1517382187300	Marionette	WARN	TLS certificate errors will be ignored for this session
1517382187347	Marionette	DEBUG	Register listener.js for window 4294967297
1517382187384	Marionette	DEBUG	Received DOM event "beforeunload" for "about:blank"
1517382187704	Marionette	DEBUG	Received DOM event "pagehide" for "about:blank"
1517382187704	Marionette	DEBUG	Received DOM event "unload" for "about:blank"
1517382188557	Marionette	DEBUG	Received DOM event "DOMContentLoaded" for "https://www.jd.com/"
1517382189840	Marionette	DEBUG	Received DOM event "pageshow" for "https://www.jd.com/"
[Parent 9044, Gecko_IOThread] WARNING: pipe error: 109: file z:/build/build/src/ipc/chromium/src/chrome/common/ipc_channel_win.cc, line 346
1517382399559	geckodriver	INFO	Listening on 127.0.0.1:55562
1517382402656	geckodriver::marionette	INFO	Starting browser C:\Program Files (x86)\Mozilla Firefox\firefox.exe with args ["-marionette"]
1517382403107	Marionette	INFO	Enabled via --marionette
Unable to read VR Path Registry from C:\Users\Administrator\AppData\Local\openvr\openvrpaths.vrpath
[Parent 11000, Gecko_IOThread] WARNING: pipe error: 109: file z:/build/build/src/ipc/chromium/src/chrome/common/ipc_channel_win.cc, line 346
Unable to read VR Path Registry from C:\Users\Administrator\AppData\Local\openvr\openvrpaths.vrpath
[Child 11260, Chrome_ChildThread] WARNING: pipe error: 109: file z:/build/build/src/ipc/chromium/src/chrome/common/ipc_channel_win.cc, line 346
[Child 11260, Chrome_ChildThread] WARNING: pipe error: 109: file z:/build/build/src/ipc/chromium/src/chrome/common/ipc_channel_win.cc, line 346
1517382404191	Marionette	INFO	Listening on port 55575
1517382404677	Marionette	WARN	TLS certificate errors will be ignored for this session
1517382404741	Marionette	DEBUG	Register listener.js for window 4294967297
1517382404762	Marionette	DEBUG	Received DOM event "beforeunload" for "about:blank"
1517382405019	Marionette	DEBUG	Received DOM event "pagehide" for "about:blank"
1517382405020	Marionette	DEBUG	Received DOM event "unload" for "about:blank"
1517382406646	Marionette	DEBUG	Received DOM event "DOMContentLoaded" for "https://www.jd.com/"
1517382408698	Marionette	DEBUG	Received DOM event "pageshow" for "https://www.jd.com/"
Unable to read VR Path Registry from C:\Users\Administrator\AppData\Local\openvr\openvrpaths.vrpath
[Child 9052, Chrome_ChildThread] WARNING: pipe error: 109: file z:/build/build/src/ipc/chromium/src/chrome/common/ipc_channel_win.cc, line 346
Unable to read VR Path Registry from C:\Users\Administrator\AppData\Local\openvr\openvrpaths.vrpath
[Child 10164, Chrome_ChildThread] WARNING: pipe error: 109: file z:/build/build/src/ipc/chromium/src/chrome/common/ipc_channel_win.cc, line 346
[Child 10164, Chrome_ChildThread] WARNING: pipe error: 109: file z:/build/build/src/ipc/chromium/src/chrome/common/ipc_channel_win.cc, line 346
*** UTM:SVC TimerManager:registerTimer called after profile-before-change notification. Ignoring timer registration for id: telemetry_modules_ping

###!!! [Child][MessageChannel::SendAndWait] Error: Channel error: cannot send/recv

1517382424992	geckodriver::marionette	ERROR	Failed to kill browser process
1517382520955	geckodriver	INFO	Listening on 127.0.0.1:55850
1517382524081	geckodriver::marionette	INFO	Starting browser C:\Program Files (x86)\Mozilla Firefox\firefox.exe with args ["-marionette"]
1517382524535	Marionette	INFO	Enabled via --marionette
Unable to read VR Path Registry from C:\Users\Administrator\AppData\Local\openvr\openvrpaths.vrpath
[Child 11168, Chrome_ChildThread] WARNING: pipe error: 109: file z:/build/build/src/ipc/chromium/src/chrome/common/ipc_channel_win.cc, line 346
[Child 11168, Chrome_ChildThread] WARNING: pipe error: 109: file z:/build/build/src/ipc/chromium/src/chrome/common/ipc_channel_win.cc, line 346
1517382525673	Marionette	INFO	Listening on port 55863
1517382526102	Marionette	WARN	TLS certificate errors will be ignored for this session
1517382526178	Marionette	DEBUG	Register listener.js for window 4294967297
1517382526201	Marionette	DEBUG	Received DOM event "beforeunload" for "about:blank"
1517382526460	Marionette	DEBUG	Received DOM event "pagehide" for "about:blank"
1517382526460	Marionette	DEBUG	Received DOM event "unload" for "about:blank"
1517382527234	Marionette	DEBUG	Received DOM event "DOMContentLoaded" for "https://www.jd.com/"
1517382530218	Marionette	DEBUG	Received DOM event "pageshow" for "https://www.jd.com/"
Unable to read VR Path Registry from C:\Users\Administrator\AppData\Local\openvr\openvrpaths.vrpath
[Child 10792, Chrome_ChildThread] WARNING: pipe error: 109: file z:/build/build/src/ipc/chromium/src/chrome/common/ipc_channel_win.cc, line 346
[Child 10792, Chrome_ChildThread] WARNING: pipe error: 109: file z:/build/build/src/ipc/chromium/src/chrome/common/ipc_channel_win.cc, line 346
Unable to read VR Path Registry from C:\Users\Administrator\AppData\Local\openvr\openvrpaths.vrpath
[Child 8912, Chrome_ChildThread] WARNING: pipe error: 109: file z:/build/build/src/ipc/chromium/src/chrome/common/ipc_channel_win.cc, line 346
[Child 8912, Chrome_ChildThread] WARNING: pipe error: 109: file z:/build/build/src/ipc/chromium/src/chrome/common/ipc_channel_win.cc, line 346
*** UTM:SVC TimerManager:registerTimer called after profile-before-change notification. Ignoring timer registration for id: telemetry_modules_ping
Unable to read VR Path Registry from C:\Users\Administrator\AppData\Local\openvr\openvrpaths.vrpath
[GPU 10484, Chrome_ChildThread] WARNING: pipe error: 109: file z:/build/build/src/ipc/chromium/src/chrome/common/ipc_channel_win.cc, line 346

###!!! [Child][MessageChannel::SendAndWait] Error: Channel error: cannot send/recv

Unable to read VR Path Registry from C:\Users\Administrator\AppData\Local\openvr\openvrpaths.vrpath
1517382571296	geckodriver	INFO	Listening on 127.0.0.1:56046
1517382574344	geckodriver::marionette	INFO	Starting browser C:\Program Files (x86)\Mozilla Firefox\firefox.exe with args ["-marionette"]
1517382574803	Marionette	INFO	Enabled via --marionette
Unable to read VR Path Registry from C:\Users\Administrator\AppData\Local\openvr\openvrpaths.vrpath
[Child 9620, Chrome_ChildThread] WARNING: pipe error: 109: file z:/build/build/src/ipc/chromium/src/chrome/common/ipc_channel_win.cc, line 346
1517382575927	Marionette	INFO	Listening on port 56059
1517382576367	Marionette	WARN	TLS certificate errors will be ignored for this session
1517382576423	Marionette	DEBUG	Register listener.js for window 4294967297
1517382576444	Marionette	DEBUG	Received DOM event "beforeunload" for "about:blank"
1517382576700	Marionette	DEBUG	Received DOM event "pagehide" for "about:blank"
1517382576701	Marionette	DEBUG	Received DOM event "unload" for "about:blank"
1517382577255	Marionette	DEBUG	Received DOM event "DOMContentLoaded" for "https://www.jd.com/"
1517382579263	Marionette	DEBUG	Received DOM event "pageshow" for "https://www.jd.com/"
Unable to read VR Path Registry from C:\Users\Administrator\AppData\Local\openvr\openvrpaths.vrpath
[Child 11108, Chrome_ChildThread] WARNING: pipe error: 109: file z:/build/build/src/ipc/chromium/src/chrome/common/ipc_channel_win.cc, line 346
[Child 11108, Chrome_ChildThread] WARNING: pipe error: 109: file z:/build/build/src/ipc/chromium/src/chrome/common/ipc_channel_win.cc, line 346
Unable to read VR Path Registry from C:\Users\Administrator\AppData\Local\openvr\openvrpaths.vrpath
[Child 6036, Chrome_ChildThread] WARNING: pipe error: 109: file z:/build/build/src/ipc/chromium/src/chrome/common/ipc_channel_win.cc, line 346
*** UTM:SVC TimerManager:registerTimer called after profile-before-change notification. Ignoring timer registration for id: telemetry_modules_ping

###!!! [Child][MessageChannel::SendAndWait] Error: Channel error: cannot send/recv

Unable to read VR Path Registry from C:\Users\Administrator\AppData\Local\openvr\openvrpaths.vrpath
1517382599306	geckodriver::marionette	ERROR	Failed to kill browser process
1517382604037	geckodriver	INFO	Listening on 127.0.0.1:56195
1517382607083	geckodriver::marionette	INFO	Starting browser C:\Program Files (x86)\Mozilla Firefox\firefox.exe with args ["-marionette"]
1517382607512	Marionette	INFO	Enabled via --marionette
Unable to read VR Path Registry from C:\Users\Administrator\AppData\Local\openvr\openvrpaths.vrpath
[Parent 6260, Gecko_IOThread] WARNING: pipe error: 109: file z:/build/build/src/ipc/chromium/src/chrome/common/ipc_channel_win.cc, line 346
Unable to read VR Path Registry from C:\Users\Administrator\AppData\Local\openvr\openvrpaths.vrpath
[Child 5844, Chrome_ChildThread] WARNING: pipe error: 109: file z:/build/build/src/ipc/chromium/src/chrome/common/ipc_channel_win.cc, line 346
[Child 5844, Chrome_ChildThread] WARNING: pipe error: 109: file z:/build/build/src/ipc/chromium/src/chrome/common/ipc_channel_win.cc, line 346
1517382608660	Marionette	INFO	Listening on port 56209
1517382609094	Marionette	WARN	TLS certificate errors will be ignored for this session
1517382609154	Marionette	DEBUG	Register listener.js for window 4294967297
1517382609177	Marionette	DEBUG	Received DOM event "beforeunload" for "about:blank"
1517382609394	Marionette	DEBUG	Received DOM event "pagehide" for "about:blank"
1517382609394	Marionette	DEBUG	Received DOM event "unload" for "about:blank"
1517382609743	Marionette	DEBUG	Received DOM event "DOMContentLoaded" for "https://www.jd.com/"
1517382612350	Marionette	DEBUG	Received DOM event "pageshow" for "https://www.jd.com/"
Unable to read VR Path Registry from C:\Users\Administrator\AppData\Local\openvr\openvrpaths.vrpath
[Child 8556, Chrome_ChildThread] WARNING: pipe error: 109: file z:/build/build/src/ipc/chromium/src/chrome/common/ipc_channel_win.cc, line 346
[Child 8556, Chrome_ChildThread] WARNING: pipe error: 109: file z:/build/build/src/ipc/chromium/src/chrome/common/ipc_channel_win.cc, line 346
1517384182363	geckodriver	INFO	Listening on 127.0.0.1:58632
1517384185476	geckodriver::marionette	INFO	Starting browser C:\Program Files (x86)\Mozilla Firefox\firefox.exe with args ["-marionette"]
1517384186017	Marionette	INFO	Enabled via --marionette
Unable to read VR Path Registry from C:\Users\Administrator\AppData\Local\openvr\openvrpaths.vrpath
[Parent 7616, Gecko_IOThread] WARNING: pipe error: 109: file z:/build/build/src/ipc/chromium/src/chrome/common/ipc_channel_win.cc, line 346
Unable to read VR Path Registry from C:\Users\Administrator\AppData\Local\openvr\openvrpaths.vrpath
[Child 11096, Chrome_ChildThread] WARNING: pipe error: 109: file z:/build/build/src/ipc/chromium/src/chrome/common/ipc_channel_win.cc, line 346
[Child 11096, Chrome_ChildThread] WARNING: pipe error: 109: file z:/build/build/src/ipc/chromium/src/chrome/common/ipc_channel_win.cc, line 346
1517384187092	Marionette	INFO	Listening on port 58645
1517384187584	Marionette	WARN	TLS certificate errors will be ignored for this session
1517384187641	Marionette	DEBUG	Register listener.js for window 4294967297
1517384187661	Marionette	DEBUG	Received DOM event "beforeunload" for "about:blank"
1517384188938	Marionette	DEBUG	Received DOM event "pagehide" for "about:blank"
1517384188939	Marionette	DEBUG	Received DOM event "unload" for "about:blank"
1517384190195	Marionette	DEBUG	Received DOM event "DOMContentLoaded" for "https://www.jd.com/"
1517384193127	Marionette	DEBUG	Received DOM event "pageshow" for "https://www.jd.com/"
1517384240581	addons.productaddons	WARN	Failed downloading via XHR, status: 0, reason: error
Unable to read VR Path Registry from C:\Users\Administrator\AppData\Local\openvr\openvrpaths.vrpath
[Child 11224, Chrome_ChildThread] WARNING: pipe error: 109: file z:/build/build/src/ipc/chromium/src/chrome/common/ipc_channel_win.cc, line 346
Unable to read VR Path Registry from C:\Users\Administrator\AppData\Local\openvr\openvrpaths.vrpath
[Child 10620, Chrome_ChildThread] WARNING: pipe error: 109: file z:/build/build/src/ipc/chromium/src/chrome/common/ipc_channel_win.cc, line 346
[Child 10620, Chrome_ChildThread] WARNING: pipe error: 109: file z:/build/build/src/ipc/chromium/src/chrome/common/ipc_channel_win.cc, line 346
*** UTM:SVC TimerManager:registerTimer called after profile-before-change notification. Ignoring timer registration for id: telemetry_modules_ping

###!!! [Child][MessageChannel::SendAndWait] Error: Channel error: cannot send/recv

1517384572448	geckodriver	INFO	Listening on 127.0.0.1:59662
1517384575537	geckodriver::marionette	INFO	Starting browser C:\Program Files (x86)\Mozilla Firefox\firefox.exe with args ["-marionette"]
1517384575996	Marionette	INFO	Enabled via --marionette
Unable to read VR Path Registry from C:\Users\Administrator\AppData\Local\openvr\openvrpaths.vrpath
[Child 5540, Chrome_ChildThread] WARNING: pipe error: 109: file z:/build/build/src/ipc/chromium/src/chrome/common/ipc_channel_win.cc, line 346
[Child 5540, Chrome_ChildThread] WARNING: pipe error: 109: file z:/build/build/src/ipc/chromium/src/chrome/common/ipc_channel_win.cc, line 346
1517384577103	Marionette	INFO	Listening on port 59674
1517384577590	Marionette	WARN	TLS certificate errors will be ignored for this session
1517384577651	Marionette	DEBUG	Register listener.js for window 4294967297
1517384577676	Marionette	DEBUG	Received DOM event "beforeunload" for "about:blank"
1517384577916	Marionette	DEBUG	Received DOM event "pagehide" for "about:blank"
1517384577916	Marionette	DEBUG	Received DOM event "unload" for "about:blank"
1517384579054	Marionette	DEBUG	Received DOM event "DOMContentLoaded" for "https://www.jd.com/"
1517384580926	Marionette	DEBUG	Received DOM event "pageshow" for "https://www.jd.com/"
Unable to read VR Path Registry from C:\Users\Administrator\AppData\Local\openvr\openvrpaths.vrpath
[Child 9068, Chrome_ChildThread] WARNING: pipe error: 109: file z:/build/build/src/ipc/chromium/src/chrome/common/ipc_channel_win.cc, line 346
[Child 9068, Chrome_ChildThread] WARNING: pipe error: 109: file z:/build/build/src/ipc/chromium/src/chrome/common/ipc_channel_win.cc, line 346
1517388750311	geckodriver	INFO	Listening on 127.0.0.1:60930
1517388753373	geckodriver::marionette	INFO	Starting browser C:\Program Files (x86)\Mozilla Firefox\firefox.exe with args ["-marionette"]
1517388753919	Marionette	INFO	Enabled via --marionette
Unable to read VR Path Registry from C:\Users\Administrator\AppData\Local\openvr\openvrpaths.vrpath
[Child 10868, Chrome_ChildThread] WARNING: pipe error: 109: file z:/build/build/src/ipc/chromium/src/chrome/common/ipc_channel_win.cc, line 346
[Child 10868, Chrome_ChildThread] WARNING: pipe error: 109: file z:/build/build/src/ipc/chromium/src/chrome/common/ipc_channel_win.cc, line 346
1517388755036	Marionette	INFO	Listening on port 60938
1517388755476	Marionette	WARN	TLS certificate errors will be ignored for this session
1517388755553	Marionette	DEBUG	Register listener.js for window 4294967297
1517388755578	Marionette	DEBUG	Received DOM event "beforeunload" for "about:blank"
1517388755843	Marionette	DEBUG	Received DOM event "pagehide" for "about:blank"
1517388755843	Marionette	DEBUG	Received DOM event "unload" for "about:blank"
1517388756016	Marionette	DEBUG	Received observer notification "outer-window-destroyed" for "4294967297"
1517388756028	addons.xpi	WARN	Exception running bootstrap method shutdown on activity-stream@mozilla.org: [Exception... "Component returned failure code: 0x80004005 (NS_ERROR_FAILURE) [nsIObserverService.removeObserver]"  nsresult: "0x80004005 (NS_ERROR_FAILURE)"  location: "JS frame :: resource://activity-stream/lib/SnippetsFeed.jsm :: uninit :: line 123"  data: no] Stack trace: uninit()@resource://activity-stream/lib/SnippetsFeed.jsm:123 < onAction()@resource://activity-stream/lib/SnippetsFeed.jsm:138 < _middleware/</<()@resource://activity-stream/lib/Store.jsm:52 < Store/this[method]()@resource://activity-stream/lib/Store.jsm:31 < uninit()@resource://activity-stream/lib/Store.jsm:151 < uninit()@resource://activity-stream/lib/ActivityStream.jsm:266 < uninit()@resource://gre/modules/addons/XPIProvider.jsm -> jar:file:///C:/Program%20Files%20(x86)/Mozilla%20Firefox/browser/features/activity-stream@mozilla.org.xpi!/bootstrap.js:80 < shutdown()@resource://gre/modules/addons/XPIProvider.jsm -> jar:file:///C:/Program%20Files%20(x86)/Mozilla%20Firefox/browser/features/activity-stream@mozilla.org.xpi!/bootstrap.js:196 < callBootstrapMethod()@resource://gre/modules/addons/XPIProvider.jsm:4509 < observe()@resource://gre/modules/addons/XPIProvider.jsm:2281
Unable to read VR Path Registry from C:\Users\Administrator\AppData\Local\openvr\openvrpaths.vrpath
[Child 10924, Chrome_ChildThread] WARNING: pipe error: 109: file z:/build/build/src/ipc/chromium/src/chrome/common/ipc_channel_win.cc, line 346
[Child 10924, Chrome_ChildThread] WARNING: pipe error: 109: file z:/build/build/src/ipc/chromium/src/chrome/common/ipc_channel_win.cc, line 346
1517388764110	geckodriver	INFO	Listening on 127.0.0.1:60963
1517388767214	geckodriver::marionette	INFO	Starting browser C:\Program Files (x86)\Mozilla Firefox\firefox.exe with args ["-marionette"]
1517388767674	Marionette	INFO	Enabled via --marionette
Unable to read VR Path Registry from C:\Users\Administrator\AppData\Local\openvr\openvrpaths.vrpath
[Child 10672, Chrome_ChildThread] WARNING: pipe error: 109: file z:/build/build/src/ipc/chromium/src/chrome/common/ipc_channel_win.cc, line 346
[Child 10672, Chrome_ChildThread] WARNING: pipe error: 109: file z:/build/build/src/ipc/chromium/src/chrome/common/ipc_channel_win.cc, line 346
1517388768786	Marionette	INFO	Listening on port 60971
1517388769229	Marionette	WARN	TLS certificate errors will be ignored for this session
1517388769271	Marionette	DEBUG	Register listener.js for window 4294967297
1517388769294	Marionette	DEBUG	Received DOM event "beforeunload" for "about:blank"
1517388771089	Marionette	DEBUG	Received DOM event "pagehide" for "about:blank"
1517388771090	Marionette	DEBUG	Received DOM event "unload" for "about:blank"
1517388772792	Marionette	DEBUG	Received DOM event "DOMContentLoaded" for "https://www.jd.com/"
1517388784599	Marionette	DEBUG	Received DOM event "pageshow" for "https://www.jd.com/"
Unable to read VR Path Registry from C:\Users\Administrator\AppData\Local\openvr\openvrpaths.vrpath
JavaScript error: https://misc.360buyimg.com/mtd/pc/index_2017/2.0.0/chunk/legacy.chunk.js, line 1: TypeError: Q[t[i]] is undefined
Unable to read VR Path Registry from C:\Users\Administrator\AppData\Local\openvr\openvrpaths.vrpath
[Child 10212, Chrome_ChildThread] WARNING: pipe error: 109: file z:/build/build/src/ipc/chromium/src/chrome/common/ipc_channel_win.cc, line 346
[Child 7828, Chrome_ChildThread] WARNING: pipe error: 109: file z:/build/build/src/ipc/chromium/src/chrome/common/ipc_channel_win.cc, line 346
[Child 7828, Chrome_ChildThread] WARNING: pipe error: 109: file z:/build/build/src/ipc/chromium/src/chrome/common/ipc_channel_win.cc, line 346
*** UTM:SVC TimerManager:registerTimer called after profile-before-change notification. Ignoring timer registration for id: telemetry_modules_ping

###!!! [Child][MessageChannel::SendAndWait] Error: Channel error: cannot send/recv

Unable to read VR Path Registry from C:\Users\Administrator\AppData\Local\openvr\openvrpaths.vrpath
1517388788947	geckodriver::marionette	ERROR	Failed to kill browser process
1517389989781	geckodriver	INFO	Listening on 127.0.0.1:61282
1517389992820	geckodriver::marionette	INFO	Starting browser C:\Program Files (x86)\Mozilla Firefox\firefox.exe with args ["-marionette"]
1517389993284	Marionette	INFO	Enabled via --marionette
Unable to read VR Path Registry from C:\Users\Administrator\AppData\Local\openvr\openvrpaths.vrpath
[Child 9836, Chrome_ChildThread] WARNING: pipe error: 109: file z:/build/build/src/ipc/chromium/src/chrome/common/ipc_channel_win.cc, line 346
[Child 9836, Chrome_ChildThread] WARNING: pipe error: 109: file z:/build/build/src/ipc/chromium/src/chrome/common/ipc_channel_win.cc, line 346
1517389994370	Marionette	INFO	Listening on port 61290
1517389994843	Marionette	WARN	TLS certificate errors will be ignored for this session
1517389994894	Marionette	DEBUG	Register listener.js for window 4294967297
1517389994916	Marionette	DEBUG	Received DOM event "beforeunload" for "about:blank"
1517389995459	Marionette	DEBUG	Received DOM event "pagehide" for "about:blank"
1517389995459	Marionette	DEBUG	Received DOM event "unload" for "about:blank"
1517389996496	Marionette	DEBUG	Received DOM event "DOMContentLoaded" for "https://www.jd.com/"
1517390003147	Marionette	DEBUG	Received DOM event "pageshow" for "https://www.jd.com/"
Unable to read VR Path Registry from C:\Users\Administrator\AppData\Local\openvr\openvrpaths.vrpath
[Child 9560, Chrome_ChildThread] WARNING: pipe error: 109: file z:/build/build/src/ipc/chromium/src/chrome/common/ipc_channel_win.cc, line 346
[Child 9560, Chrome_ChildThread] WARNING: pipe error: 109: file z:/build/build/src/ipc/chromium/src/chrome/common/ipc_channel_win.cc, line 346
1517390034591	geckodriver	INFO	Listening on 127.0.0.1:61373
1517390037679	geckodriver::marionette	INFO	Starting browser C:\Program Files (x86)\Mozilla Firefox\firefox.exe with args ["-marionette"]
1517390038137	Marionette	INFO	Enabled via --marionette
Unable to read VR Path Registry from C:\Users\Administrator\AppData\Local\openvr\openvrpaths.vrpath
[Child 8464, Chrome_ChildThread] WARNING: pipe error: 109: file z:/build/build/src/ipc/chromium/src/chrome/common/ipc_channel_win.cc, line 346
[Child 8464, Chrome_ChildThread] WARNING: pipe error: 109: file z:/build/build/src/ipc/chromium/src/chrome/common/ipc_channel_win.cc, line 346
1517390039268	Marionette	INFO	Listening on port 61381
1517390039339	Marionette	WARN	TLS certificate errors will be ignored for this session
1517390039387	Marionette	DEBUG	Register listener.js for window 4294967297
1517390039424	Marionette	DEBUG	Received DOM event "beforeunload" for "about:blank"
1517390039849	Marionette	DEBUG	Received DOM event "pagehide" for "about:blank"
1517390039849	Marionette	DEBUG	Received DOM event "unload" for "about:blank"
1517390040373	Marionette	DEBUG	Received DOM event "DOMContentLoaded" for "https://www.jd.com/"
1517390041135	Marionette	DEBUG	Received DOM event "pageshow" for "https://www.jd.com/"
1517390205115	geckodriver	INFO	Listening on 127.0.0.1:61473
1517390208198	geckodriver::marionette	INFO	Starting browser C:\Program Files (x86)\Mozilla Firefox\firefox.exe with args ["-marionette"]
1517390208677	Marionette	INFO	Enabled via --marionette
Unable to read VR Path Registry from C:\Users\Administrator\AppData\Local\openvr\openvrpaths.vrpath
[Parent 10088, Gecko_IOThread] WARNING: pipe error: 109: file z:/build/build/src/ipc/chromium/src/chrome/common/ipc_channel_win.cc, line 346
Unable to read VR Path Registry from C:\Users\Administrator\AppData\Local\openvr\openvrpaths.vrpath
[Child 9444, Chrome_ChildThread] WARNING: pipe error: 109: file z:/build/build/src/ipc/chromium/src/chrome/common/ipc_channel_win.cc, line 346
[Child 9444, Chrome_ChildThread] WARNING: pipe error: 109: file z:/build/build/src/ipc/chromium/src/chrome/common/ipc_channel_win.cc, line 346
1517390209830	Marionette	INFO	Listening on port 61481
1517390210243	Marionette	WARN	TLS certificate errors will be ignored for this session
1517390210310	Marionette	DEBUG	Register listener.js for window 4294967297
1517390210336	Marionette	DEBUG	Received DOM event "beforeunload" for "about:blank"
1517390211301	Marionette	DEBUG	Received DOM event "pagehide" for "about:blank"
1517390211301	Marionette	DEBUG	Received DOM event "unload" for "about:blank"
1517390211723	Marionette	DEBUG	Received DOM event "DOMContentLoaded" for "https://www.jd.com/"
1517390213215	Marionette	DEBUG	Received DOM event "pageshow" for "https://www.jd.com/"
[Parent 10088, Gecko_IOThread] WARNING: pipe error: 109: file z:/build/build/src/ipc/chromium/src/chrome/common/ipc_channel_win.cc, line 346
Unable to read VR Path Registry from C:\Users\Administrator\AppData\Local\openvr\openvrpaths.vrpath
[Child 10376, Chrome_ChildThread] WARNING: pipe error: 109: file z:/build/build/src/ipc/chromium/src/chrome/common/ipc_channel_win.cc, line 346
[Child 10376, Chrome_ChildThread] WARNING: pipe error: 109: file z:/build/build/src/ipc/chromium/src/chrome/common/ipc_channel_win.cc, line 346
1517455352457	geckodriver	INFO	Listening on 127.0.0.1:51441
1517455355545	geckodriver::marionette	INFO	Starting browser C:\Program Files (x86)\Mozilla Firefox\firefox.exe with args ["-marionette"]
1517455355979	Marionette	INFO	Enabled via --marionette
Unable to read VR Path Registry from C:\Users\Administrator\AppData\Local\openvr\openvrpaths.vrpath
[Child 9536, Chrome_ChildThread] WARNING: pipe error: 109: file z:/build/build/src/ipc/chromium/src/chrome/common/ipc_channel_win.cc, line 346
[Child 9536, Chrome_ChildThread] WARNING: pipe error: 109: file z:/build/build/src/ipc/chromium/src/chrome/common/ipc_channel_win.cc, line 346
1517455357037	Marionette	INFO	Listening on port 51449
1517455357102	Marionette	WARN	TLS certificate errors will be ignored for this session
1517455357147	Marionette	DEBUG	Register listener.js for window 4294967297
1517455357198	Marionette	DEBUG	Received DOM event "beforeunload" for "about:blank"
1517455357426	Marionette	DEBUG	Received DOM event "pagehide" for "about:blank"
1517455357427	Marionette	DEBUG	Received DOM event "unload" for "about:blank"
1517455358665	Marionette	DEBUG	Received DOM event "DOMContentLoaded" for "https://cart.jd.com/cart?rd=0.05256796075972103"
1517455361379	Marionette	DEBUG	Received DOM event "pageshow" for "https://cart.jd.com/cart?rd=0.05256796075972103"
1517455365463	Marionette	DEBUG	Received DOM event "popstate" for "https://cart.jd.com/cart?rd=0.05256796075972103#none"
1517455417908	addons.productaddons	WARN	Failed downloading via XHR, status: 0, reason: error
console.log: plural-form.js: Index #1 of '再显示一个节点；显示全部 #1 个节点' for value 3 is invalid -- plural rule #1;

Unable to read VR Path Registry from C:\Users\Administrator\AppData\Local\openvr\openvrpaths.vrpath
[Parent 5644, Gecko_IOThread] WARNING: pipe error: 109: file z:/build/build/src/ipc/chromium/src/chrome/common/ipc_channel_win.cc, line 346
[Parent 5644, Gecko_IOThread] WARNING: pipe error: 109: file z:/build/build/src/ipc/chromium/src/chrome/common/ipc_channel_win.cc, line 346
Unable to read VR Path Registry from C:\Users\Administrator\AppData\Local\openvr\openvrpaths.vrpath
[Child 8636, Chrome_ChildThread] WARNING: pipe error: 109: file z:/build/build/src/ipc/chromium/src/chrome/common/ipc_channel_win.cc, line 346
IPDL protocol error: Handler returned error code!

###!!! [Parent][DispatchAsyncMessage] Error: PLayerTransaction::Msg_ReleaseLayer Processing error: message was deserialized, but the handler returned false (indicating failure)

IPDL protocol error: Handler returned error code!

###!!! [Parent][DispatchAsyncMessage] Error: PLayerTransaction::Msg_ReleaseLayer Processing error: message was deserialized, but the handler returned false (indicating failure)

IPDL protocol error: Handler returned error code!

###!!! [Parent][DispatchAsyncMessage] Error: PLayerTransaction::Msg_ReleaseLayer Processing error: message was deserialized, but the handler returned false (indicating failure)

IPDL protocol error: Handler returned error code!

###!!! [Parent][DispatchAsyncMessage] Error: PLayerTransaction::Msg_ReleaseLayer Processing error: message was deserialized, but the handler returned false (indicating failure)

IPDL protocol error: Handler returned error code!

###!!! [Parent][DispatchAsyncMessage] Error: PLayerTransaction::Msg_ReleaseLayer Processing error: message was deserialized, but the handler returned false (indicating failure)

IPDL protocol error: Handler returned error code!

###!!! [Parent][DispatchAsyncMessage] Error: PLayerTransaction::Msg_ReleaseLayer Processing error: message was deserialized, but the handler returned false (indicating failure)

IPDL protocol error: Handler returned error code!

###!!! [Parent][DispatchAsyncMessage] Error: PLayerTransaction::Msg_ReleaseLayer Processing error: message was deserialized, but the handler returned false (indicating failure)

[Parent 5644, Gecko_IOThread] WARNING: pipe error: 109: file z:/build/build/src/ipc/chromium/src/chrome/common/ipc_channel_win.cc, line 346
Unable to read VR Path Registry from C:\Users\Administrator\AppData\Local\openvr\openvrpaths.vrpath
[GPU 8664, Chrome_ChildThread] WARNING: pipe error: 109: file z:/build/build/src/ipc/chromium/src/chrome/common/ipc_channel_win.cc, line 346

###!!! [Child][MessageChannel::SendAndWait] Error: Channel error: cannot send/recv

1517468436721	geckodriver	INFO	Listening on 127.0.0.1:55897
1517468439821	geckodriver::marionette	INFO	Starting browser C:\Program Files (x86)\Mozilla Firefox\firefox.exe with args ["-marionette"]
1517468440402	Marionette	INFO	Enabled via --marionette
Unable to read VR Path Registry from C:\Users\Administrator\AppData\Local\openvr\openvrpaths.vrpath
[Parent 10368, Gecko_IOThread] WARNING: pipe error: 109: file z:/build/build/src/ipc/chromium/src/chrome/common/ipc_channel_win.cc, line 346
Unable to read VR Path Registry from C:\Users\Administrator\AppData\Local\openvr\openvrpaths.vrpath
[Child 8968, Chrome_ChildThread] WARNING: pipe error: 109: file z:/build/build/src/ipc/chromium/src/chrome/common/ipc_channel_win.cc, line 346
[Child 8968, Chrome_ChildThread] WARNING: pipe error: 109: file z:/build/build/src/ipc/chromium/src/chrome/common/ipc_channel_win.cc, line 346
1517468441507	Marionette	INFO	Listening on port 55905
1517468441950	Marionette	WARN	TLS certificate errors will be ignored for this session
1517468442012	Marionette	DEBUG	Register listener.js for window 4294967297
1517468442063	Marionette	DEBUG	Received DOM event "beforeunload" for "about:blank"
1517468442326	Marionette	DEBUG	Received DOM event "pagehide" for "about:blank"
1517468442327	Marionette	DEBUG	Received DOM event "unload" for "about:blank"
1517468442674	Marionette	DEBUG	Received DOM event "DOMContentLoaded" for "https://cart.jd.com/cart?rd=0.05256796075972103"
1517468444228	Marionette	DEBUG	Received DOM event "pageshow" for "https://cart.jd.com/cart?rd=0.05256796075972103"
1517468448300	Marionette	DEBUG	Received DOM event "popstate" for "https://cart.jd.com/cart?rd=0.05256796075972103#none"
1517468454591	Marionette	DEBUG	Canceled page load listener because no navigation has been detected
1517468460959	Marionette	DEBUG	Received DOM event "beforeunload" for "https://passport.jd.com/uc/popupLogin2013?clstag1=login|keycount|5|5&clstag2=login|keycount|5|6&r=0.1785592595167076&t=1517468448342"
1517468461034	Marionette	DEBUG	Received DOM event "pagehide" for "https://passport.jd.com/uc/popupLogin2013?clstag1=login|keycount|5|5&clstag2=login|keycount|5|6&r=0.1785592595167076&t=1517468448342"
1517468461035	Marionette	DEBUG	Received DOM event "unload" for "https://passport.jd.com/uc/popupLogin2013?clstag1=login|keycount|5|5&clstag2=login|keycount|5|6&r=0.1785592595167076&t=1517468448342"
1517468461050	Marionette	DEBUG	Received DOM event "DOMContentLoaded" for "https://passport.jd.com/relay/loginRelay.htm"
1517468461053	Marionette	DEBUG	Received DOM event "pageshow" for "https://passport.jd.com/relay/loginRelay.htm"
Unable to read VR Path Registry from C:\Users\Administrator\AppData\Local\openvr\openvrpaths.vrpath
[Child 4412, Chrome_ChildThread] WARNING: pipe error: 109: file z:/build/build/src/ipc/chromium/src/chrome/common/ipc_channel_win.cc, line 346
1517469177634	geckodriver	INFO	Listening on 127.0.0.1:56519
1517469180722	geckodriver::marionette	INFO	Starting browser C:\Program Files (x86)\Mozilla Firefox\firefox.exe with args ["-marionette"]
1517469181166	Marionette	INFO	Enabled via --marionette
Unable to read VR Path Registry from C:\Users\Administrator\AppData\Local\openvr\openvrpaths.vrpath
[Child 1360, Chrome_ChildThread] WARNING: pipe error: 109: file z:/build/build/src/ipc/chromium/src/chrome/common/ipc_channel_win.cc, line 346
[Child 1360, Chrome_ChildThread] WARNING: pipe error: 109: file z:/build/build/src/ipc/chromium/src/chrome/common/ipc_channel_win.cc, line 346
1517469182299	Marionette	INFO	Listening on port 56527
1517469182740	Marionette	WARN	TLS certificate errors will be ignored for this session
1517469182790	Marionette	DEBUG	Register listener.js for window 4294967297
1517469182810	Marionette	DEBUG	Received DOM event "beforeunload" for "about:blank"
1517469183120	Marionette	DEBUG	Received DOM event "pagehide" for "about:blank"
1517469183120	Marionette	DEBUG	Received DOM event "unload" for "about:blank"
1517469183725	Marionette	DEBUG	Received DOM event "DOMContentLoaded" for "https://cart.jd.com/cart?rd=0.929715170163709"
1517469184704	Marionette	DEBUG	Received DOM event "pageshow" for "https://cart.jd.com/cart?rd=0.929715170163709"
Unable to read VR Path Registry from C:\Users\Administrator\AppData\Local\openvr\openvrpaths.vrpath
[Parent 11716, Gecko_IOThread] WARNING: pipe error: 109: file z:/build/build/src/ipc/chromium/src/chrome/common/ipc_channel_win.cc, line 346
[Parent 11716, Gecko_IOThread] WARNING: pipe error: 109: file z:/build/build/src/ipc/chromium/src/chrome/common/ipc_channel_win.cc, line 346
Unable to read VR Path Registry from C:\Users\Administrator\AppData\Local\openvr\openvrpaths.vrpath
[Child 5944, Chrome_ChildThread] WARNING: pipe error: 109: file z:/build/build/src/ipc/chromium/src/chrome/common/ipc_channel_win.cc, line 346
[Child 5944, Chrome_ChildThread] WARNING: pipe error: 109: file z:/build/build/src/ipc/chromium/src/chrome/common/ipc_channel_win.cc, line 346
[Parent 11716, Gecko_IOThread] WARNING: pipe error: 109: file z:/build/build/src/ipc/chromium/src/chrome/common/ipc_channel_win.cc, line 346
Unable to read VR Path Registry from C:\Users\Administrator\AppData\Local\openvr\openvrpaths.vrpath
[Child 10060, Chrome_ChildThread] WARNING: pipe error: 109: file z:/build/build/src/ipc/chromium/src/chrome/common/ipc_channel_win.cc, line 346
Unable to read VR Path Registry from C:\Users\Administrator\AppData\Local\openvr\openvrpaths.vrpath
[Child 11536, Chrome_ChildThread] WARNING: pipe error: 109: file z:/build/build/src/ipc/chromium/src/chrome/common/ipc_channel_win.cc, line 346
[Child 11536, Chrome_ChildThread] WARNING: pipe error: 109: file z:/build/build/src/ipc/chromium/src/chrome/common/ipc_channel_win.cc, line 346
*** UTM:SVC TimerManager:registerTimer called after profile-before-change notification. Ignoring timer registration for id: telemetry_modules_ping
Unable to read VR Path Registry from C:\Users\Administrator\AppData\Local\openvr\openvrpaths.vrpath
[GPU 11332, Chrome_ChildThread] WARNING: pipe error: 109: file z:/build/build/src/ipc/chromium/src/chrome/common/ipc_channel_win.cc, line 346

###!!! [Child][MessageChannel::SendAndWait] Error: Channel error: cannot send/recv

1517469249621	geckodriver	INFO	Listening on 127.0.0.1:56738
1517469252690	geckodriver::marionette	INFO	Starting browser C:\Program Files (x86)\Mozilla Firefox\firefox.exe with args ["-marionette"]
1517469253157	Marionette	INFO	Enabled via --marionette
Unable to read VR Path Registry from C:\Users\Administrator\AppData\Local\openvr\openvrpaths.vrpath
[Child 8784, Chrome_ChildThread] WARNING: pipe error: 109: file z:/build/build/src/ipc/chromium/src/chrome/common/ipc_channel_win.cc, line 346
[Child 8784, Chrome_ChildThread] WARNING: pipe error: 109: file z:/build/build/src/ipc/chromium/src/chrome/common/ipc_channel_win.cc, line 346
1517469254259	Marionette	INFO	Listening on port 56746
1517469254711	Marionette	WARN	TLS certificate errors will be ignored for this session
1517469254767	Marionette	DEBUG	Register listener.js for window 4294967297
1517469254790	Marionette	DEBUG	Received DOM event "beforeunload" for "about:blank"
1517469254955	Marionette	DEBUG	Received DOM event "pagehide" for "about:blank"
1517469254956	Marionette	DEBUG	Received DOM event "unload" for "about:blank"
1517469255819	Marionette	DEBUG	Received DOM event "DOMContentLoaded" for "https://cart.jd.com/cart?rd=0.9171402875474792"
1517469256830	Marionette	DEBUG	Received DOM event "pageshow" for "https://cart.jd.com/cart?rd=0.9171402875474792"
1517469657089	addons.productaddons	WARN	Failed downloading via XHR, status: 0, reason: error
Unable to read VR Path Registry from C:\Users\Administrator\AppData\Local\openvr\openvrpaths.vrpath
[Parent 11660, Gecko_IOThread] WARNING: pipe error: 109: file z:/build/build/src/ipc/chromium/src/chrome/common/ipc_channel_win.cc, line 346
[Parent 11660, Gecko_IOThread] WARNING: pipe error: 109: file z:/build/build/src/ipc/chromium/src/chrome/common/ipc_channel_win.cc, line 346
Unable to read VR Path Registry from C:\Users\Administrator\AppData\Local\openvr\openvrpaths.vrpath
[Child 9652, Chrome_ChildThread] WARNING: pipe error: 109: file z:/build/build/src/ipc/chromium/src/chrome/common/ipc_channel_win.cc, line 346
Unable to read VR Path Registry from C:\Users\Administrator\AppData\Local\openvr\openvrpaths.vrpath
[Child 7852, Chrome_ChildThread] WARNING: pipe error: 109: file z:/build/build/src/ipc/chromium/src/chrome/common/ipc_channel_win.cc, line 346
Unable to read VR Path Registry from C:\Users\Administrator\AppData\Local\openvr\openvrpaths.vrpath
[GPU 9056, Chrome_ChildThread] WARNING: pipe error: 109: file z:/build/build/src/ipc/chromium/src/chrome/common/ipc_channel_win.cc, line 346

###!!! [Child][MessageChannel::SendAndWait] Error: Channel error: cannot send/recv

rt.jd.com/cart?rd=0.9171402875474792"
1517469914905	addons.productaddons	WARN	Failed downloading via XHR, status: 0, reason: error
Unable to read VR Path Registry from C:\Users\Administrator\AppData\Local\openvr\openvrpaths.vrpath
[Parent 6384, Gecko_IOThread] WARNING: pipe error: 109: file z:/build/build/src/ipc/chromium/src/chrome/common/ipc_channel_win.cc, line 346
1517469914907	addons.productaddons	WARN	Failed downloading via XHR, status: 0, reason: error
Unable to read VR Path Registry from C:\Users\Administrator\AppData\Local\openvr\openvrpaths.vrpath
[Child 12084, Chrome_ChildThread] WARNING: pipe error: 109: file z:/build/build/src/ipc/chromium/src/chrome/common/ipc_channel_win.cc, line 346
[Child 12084, Chrome_ChildThread] WARNING: pipe error: 109: file z:/build/build/src/ipc/chromium/src/chrome/common/ipc_channel_win.cc, line 346
Unable to read VR Path Registry from C:\Users\Administrator\AppData\Local\openvr\openvrpaths.vrpath
[Child 10440, Chrome_ChildThread] WARNING: pipe error: 109: file z:/build/build/src/ipc/chromium/src/chrome/common/ipc_channel_win.cc, line 346
[Child 10440, Chrome_ChildThread] WARNING: pipe error: 109: file z:/build/build/src/ipc/chromium/src/chrome/common/ipc_channel_win.cc, line 346
Unable to read VR Path Registry from C:\Users\Administrator\AppData\Local\openvr\openvrpaths.vrpath
[GPU 11824, Chrome_ChildThread] WARNING: pipe error: 109: file z:/build/build/src/ipc/chromium/src/chrome/common/ipc_channel_win.cc, line 346

###!!! [Child][MessageChannel::SendAndWait] Error: Channel error: cannot send/recv

474792#none"
1517469808347	addons.productaddons	WARN	Failed downloading via XHR, status: 0, reason: error
Unable to read VR Path Registry from C:\Users\Administrator\AppData\Local\openvr\openvrpaths.vrpath
[Child 4412, Chrome_ChildThread] WARNING: pipe error: 109: file z:/build/build/src/ipc/chromium/src/chrome/common/ipc_channel_win.cc, line 346
Unable to read VR Path Registry from C:\Users\Administrator\AppData\Local\openvr\openvrpaths.vrpath
[Child 6380, Chrome_ChildThread] WARNING: pipe error: 109: file z:/build/build/src/ipc/chromium/src/chrome/common/ipc_channel_win.cc, line 346
Unable to read VR Path Registry from C:\Users\Administrator\AppData\Local\openvr\openvrpaths.vrpath
[GPU 9576, Chrome_ChildThread] WARNING: pipe error: 109: file z:/build/build/src/ipc/chromium/src/chrome/common/ipc_channel_win.cc, line 346

###!!! [Child][MessageChannel::SendAndWait] Error: Channel error: cannot send/recv

oreunload" for "about:blank"
1517469778531	Marionette	DEBUG	Received DOM event "pagehide" for "about:blank"
1517469778531	Marionette	DEBUG	Received DOM event "unload" for "about:blank"
1517469779002	Marionette	DEBUG	Received DOM event "DOMContentLoaded" for "https://cart.jd.com/cart?rd=0.9171402875474792"
1517469782639	Marionette	DEBUG	Received DOM event "pageshow" for "https://cart.jd.com/cart?rd=0.9171402875474792"
1517469784708	Marionette	DEBUG	Received DOM event "popstate" for "https://cart.jd.com/cart?rd=0.9171402875474792#none"
Unable to read VR Path Registry from C:\Users\Administrator\AppData\Local\openvr\openvrpaths.vrpath
[Parent 436, Gecko_IOThread] WARNING: pipe error: 109: file z:/build/build/src/ipc/chromium/src/chrome/common/ipc_channel_win.cc, line 346
[Parent 436, Gecko_IOThread] WARNING: pipe error: 109: file z:/build/build/src/ipc/chromium/src/chrome/common/ipc_channel_win.cc, line 346
[Parent 436, Gecko_IOThread] WARNING: pipe error: 109: file z:/build/build/src/ipc/chromium/src/chrome/common/ipc_channel_win.cc, line 346
Unable to read VR Path Registry from C:\Users\Administrator\AppData\Local\openvr\openvrpaths.vrpath
[Child 11340, Chrome_ChildThread] WARNING: pipe error: 109: file z:/build/build/src/ipc/chromium/src/chrome/common/ipc_channel_win.cc, line 346
1517469910801	addons.productaddons	WARN	Failed downloading via XHR, status: 0, reason: error
Unable to read VR Path Registry from C:\Users\Administrator\AppData\Local\openvr\openvrpaths.vrpath
[Child 11488, Chrome_ChildThread] WARNING: pipe error: 109: file z:/build/build/src/ipc/chromium/src/chrome/common/ipc_channel_win.cc, line 346
[Child 11488, Chrome_ChildThread] WARNING: pipe error: 109: file z:/build/build/src/ipc/chromium/src/chrome/common/ipc_channel_win.cc, line 346
1517469910804	addons.productaddons	WARN	Failed downloading via XHR, status: 0, reason: error
Unable to read VR Path Registry from C:\Users\Administrator\AppData\Local\openvr\openvrpaths.vrpath
[GPU 10252, Chrome_ChildThread] WARNING: pipe error: 109: file z:/build/build/src/ipc/chromium/src/chrome/common/ipc_channel_win.cc, line 346

###!!! [Child][MessageChannel::SendAndWait] Error: Channel error: cannot send/recv

1517470353072	geckodriver	INFO	Listening on 127.0.0.1:57384
1517470356154	geckodriver::marionette	INFO	Starting browser C:\Program Files (x86)\Mozilla Firefox\firefox.exe with args ["-marionette"]
1517470356607	Marionette	INFO	Enabled via --marionette
Unable to read VR Path Registry from C:\Users\Administrator\AppData\Local\openvr\openvrpaths.vrpath
[Child 10520, Chrome_ChildThread] WARNING: pipe error: 109: file z:/build/build/src/ipc/chromium/src/chrome/common/ipc_channel_win.cc, line 346
[Child 10520, Chrome_ChildThread] WARNING: pipe error: 109: file z:/build/build/src/ipc/chromium/src/chrome/common/ipc_channel_win.cc, line 346
1517470357670	Marionette	INFO	Listening on port 57393
1517470357698	Marionette	WARN	TLS certificate errors will be ignored for this session
1517470357745	Marionette	DEBUG	Register listener.js for window 4294967297
1517470357771	Marionette	DEBUG	Received DOM event "beforeunload" for "about:blank"
1517470357953	Marionette	DEBUG	Received DOM event "pagehide" for "about:blank"
1517470357953	Marionette	DEBUG	Received DOM event "unload" for "about:blank"
1517470359477	Marionette	DEBUG	Received DOM event "DOMContentLoaded" for "https://cart.jd.com/cart?rd=0.9171402875474792"
1517470364822	Marionette	DEBUG	Received DOM event "pageshow" for "https://cart.jd.com/cart?rd=0.9171402875474792"
1517470366959	Marionette	DEBUG	Received DOM event "popstate" for "https://cart.jd.com/cart?rd=0.9171402875474792#none"
Unable to read VR Path Registry from C:\Users\Administrator\AppData\Local\openvr\openvrpaths.vrpath
[Parent 10656, Gecko_IOThread] WARNING: pipe error: 109: file z:/build/build/src/ipc/chromium/src/chrome/common/ipc_channel_win.cc, line 346
Unable to read VR Path Registry from C:\Users\Administrator\AppData\Local\openvr\openvrpaths.vrpath
[Child 10160, Chrome_ChildThread] WARNING: pipe error: 109: file z:/build/build/src/ipc/chromium/src/chrome/common/ipc_channel_win.cc, line 346
1517470397654	addons.productaddons	WARN	Failed downloading via XHR, status: 0, reason: error
Unable to read VR Path Registry from C:\Users\Administrator\AppData\Local\openvr\openvrpaths.vrpath
[Child 6248, Chrome_ChildThread] WARNING: pipe error: 109: file z:/build/build/src/ipc/chromium/src/chrome/common/ipc_channel_win.cc, line 346
[Child 6248, Chrome_ChildThread] WARNING: pipe error: 109: file z:/build/build/src/ipc/chromium/src/chrome/common/ipc_channel_win.cc, line 346
1517470397661	addons.productaddons	WARN	Failed downloading via XHR, status: 0, reason: error
*** UTM:SVC TimerManager:registerTimer called after profile-before-change notification. Ignoring timer registration for id: telemetry_modules_ping

###!!! [Child][MessageChannel::SendAndWait] Error: Channel error: cannot send/recv

